TCPServer is online Sun Mar 15 21:49:18 2020
TCPServer is online Sun Mar 15 21:53:16 2020
TCPServer is online Mon Mar 16 13:12:41 2020
TCPServer is online Mon Mar 16 13:12:50 2020
TCPServer is online Mon Mar 16 13:21:37 2020
TCPServer is online Mon Mar 16 13:24:39 2020
TCPServer is online Mon Mar 16 13:25:17 2020
TCPServer is online Mon Mar 16 13:26:33 2020
TCPServer is online Mon Mar 16 13:36:02 2020
TCPServer is online Mon Mar 16 13:39:14 2020
TCPServer is online Mon Mar 16 14:02:42 2020
TCPServer is online Mon Mar 16 14:04:10 2020
TCPServer is online Mon Mar 16 14:04:14 2020
TCPServer is online Mon Mar 16 17:18:35 2020
TCPServer is online Mon Mar 16 17:26:22 2020
TCPServer is online Mon Mar 16 17:31:53 2020
TCPServer is online Mon Mar 16 17:42:32 2020
TCPServer is online Mon Mar 16 17:44:47 2020
TCPServer is online Mon Mar 16 17:45:19 2020
TCPServer is online Mon Mar 16 17:45:27 2020
TCPServer is online Tue Mar 17 16:42:07 2020
TCPServer is online Tue Mar 17 16:57:58 2020
TCPServer is online Tue Mar 17 17:12:48 2020
TCPServer is online Tue Mar 17 17:14:01 2020
TCPServer is online Tue Mar 17 17:14:37 2020
TCPServer is online Tue Mar 17 17:15:38 2020
TCPServer is online Tue Mar 17 17:16:02 2020
TCPServer is online Tue Mar 17 17:37:57 2020
TCPServer is online Tue Mar 17 17:39:47 2020
TCPServer is online Tue Mar 17 17:57:25 2020
Session disconnect from IP: 127.0.0.1 - session terminated
 Tue Mar 17 17:58:34 2020
Session disconnect from IP: 127.0.0.1 - session terminated
 Tue Mar 17 17:58:43 2020
TCPServer is online Tue Mar 17 18:10:43 2020
Session disconnect from IP: 127.0.0.1 - session terminated
 Tue Mar 17 18:12:48 2020
